0 info it worked if it ends with ok
1 verbose cli [ '/usr/local/Cellar/node/4.2.1/bin/node',
1 verbose cli   '/usr/local/bin/npm',
1 verbose cli   'run',
1 verbose cli   'serve' ]
2 info using npm@3.3.9
3 info using node@v4.2.1
4 verbose run-script [ 'preserve', 'serve', 'postserve' ]
5 info lifecycle react-webpack-demo@1.0.0~preserve: react-webpack-demo@1.0.0
6 silly lifecycle react-webpack-demo@1.0.0~preserve: no script for preserve, continuing
7 info lifecycle react-webpack-demo@1.0.0~serve: react-webpack-demo@1.0.0
8 verbose lifecycle react-webpack-demo@1.0.0~serve: unsafe-perm in lifecycle true
9 verbose lifecycle react-webpack-demo@1.0.0~serve: PATH: /usr/local/lib/node_modules/npm/bin/node-gyp-bin:/Users/zhangshibiao/workplace/exercise/react-webpack-demo/node_modules/.bin:/usr/local/bin:/usr/bin:/bin:/usr/sbin:/sbin
10 verbose lifecycle react-webpack-demo@1.0.0~serve: CWD: /Users/zhangshibiao/workplace/exercise/react-webpack-demo
11 silly lifecycle react-webpack-demo@1.0.0~serve: Args: [ '-c', 'http-server -p 8080' ]
12 silly lifecycle react-webpack-demo@1.0.0~serve: Returned: code: 1  signal: null
13 info lifecycle react-webpack-demo@1.0.0~serve: Failed to exec serve script
14 verbose stack Error: react-webpack-demo@1.0.0 serve: `http-server -p 8080`
14 verbose stack Exit status 1
14 verbose stack     at EventEmitter.<anonymous> (/usr/local/lib/node_modules/npm/lib/utils/lifecycle.js:233:16)
14 verbose stack     at emitTwo (events.js:87:13)
14 verbose stack     at EventEmitter.emit (events.js:172:7)
14 verbose stack     at ChildProcess.<anonymous> (/usr/local/lib/node_modules/npm/lib/utils/spawn.js:24:14)
14 verbose stack     at emitTwo (events.js:87:13)
14 verbose stack     at ChildProcess.emit (events.js:172:7)
14 verbose stack     at maybeClose (internal/child_process.js:818:16)
14 verbose stack     at Process.ChildProcess._handle.onexit (internal/child_process.js:211:5)
15 verbose pkgid react-webpack-demo@1.0.0
16 verbose cwd /Users/zhangshibiao/workplace/exercise/react-webpack-demo
17 error Darwin 14.5.0
18 error argv "/usr/local/Cellar/node/4.2.1/bin/node" "/usr/local/bin/npm" "run" "serve"
19 error node v4.2.1
20 error npm  v3.3.9
21 error code ELIFECYCLE
22 error react-webpack-demo@1.0.0 serve: `http-server -p 8080`
22 error Exit status 1
23 error Failed at the react-webpack-demo@1.0.0 serve script 'http-server -p 8080'.
23 error This is most likely a problem with the react-webpack-demo package,
23 error not with npm itself.
23 error Tell the author that this fails on your system:
23 error     http-server -p 8080
23 error You can get their info via:
23 error     npm owner ls react-webpack-demo
23 error There is likely additional logging output above.
24 verbose exit [ 1, true ]
